#
# A fatal error has been detected by the Java Runtime Environment:
#
#  EXCEPTION_ACCESS_VIOLATION (0xc0000005) at pc=0x00007ffbb2cd5737, pid=15284, tid=19952
#
# JRE version: Java(TM) SE Runtime Environment (17.0.9+11) (build 17.0.9+11-LTS-201)
# Java VM: Java HotSpot(TM) 64-Bit Server VM (17.0.9+11-LTS-201, mixed mode, emulated-client, sharing, tiered, compressed oops, compressed class ptrs, g1 gc, windows-amd64)
# Problematic frame:
# V  [jvm.dll+0x385737]
#
# No core dump will be written. Minidumps are not enabled by default on client versions of Windows
#
# If you would like to submit a bug report, please visit:
#   https://bugreport.java.com/bugreport/crash.jsp
#

---------------  S U M M A R Y ------------

Command Line: -XX:TieredStopAtLevel=1 -Dspring.output.ansi.enabled=always -Dcom.sun.management.jmxremote -Dspring.jmx.enabled=true -Dspring.liveBeansView.mbeanDomain -Dspring.application.admin.enabled=true -Dmanagement.endpoints.jmx.exposure.include=* -javaagent:C:\Program Files\JetBrains\IntelliJ IDEA 2023.1.1\lib\idea_rt.jar=57273:C:\Program Files\JetBrains\IntelliJ IDEA 2023.1.1\bin -Dfile.encoding=UTF-8 com.example.task_flow.TaskFlowApplication

Host: 11th Gen Intel(R) Core(TM) i5-1135G7 @ 2.40GHz, 8 cores, 7G,  Windows 10 , 64 bit Build 19041 (10.0.19041.3636)
Time: Sat Dec 30 20:42:26 2023 Maroc (heure d64 bit Build 19041 (10.0.19041.3636) elapsed time: 2066.809959 seconds (0d 0h 34m 26s)

---------------  T H R E A D  ---------------

Current thread (0x000001a059f002c0):  JavaThread "HikariPool-1 connection closer" daemon [_thread_in_vm, id=19952, stack(0x0000000203200000,0x0000000203300000)]

Stack: [0x0000000203200000,0x0000000203300000],  sp=0x00000002032fe930,  free space=1018k
Native frames: (J=compiled Java code, j=interpreted, Vv=VM code, C=native code)
V  [jvm.dll+0x385737]
V  [jvm.dll+0x678972]
V  [jvm.dll+0x38637b]
V  [jvm.dll+0x386548]
V  [jvm.dll+0x753adc]
V  [jvm.dll+0x754d46]
V  [jvm.dll+0x755078]
V  [jvm.dll+0x23e1db]
V  [jvm.dll+0x23e42f]
V  [jvm.dll+0x55ce78]
V  [jvm.dll+0x55fd47]
V  [jvm.dll+0x381d61]
